# JRE version: OpenJDK Runtime Environment (8.0_152-b01) (build 1.8.0_152-release-915-b01)
# Java VM: OpenJDK 64-Bit Server VM (25.152-b01 mixed mode windows-amd64 compressed oops)
Heap:
 PSYoungGen      total 102400K, used 19173K [0x00000000e0000000, 0x00000000e8b00000, 0x0000000100000000)
  eden space 92672K, 20% used [0x00000000e0000000,0x00000000e12b94e0,0x00000000e5a80000)
  from space 9728K, 0% used [0x00000000e5a80000,0x00000000e5a80000,0x00000000e6400000)
  to   space 11776K, 0% used [0x00000000e7f80000,0x00000000e7f80000,0x00000000e8b00000)
 ParOldGen       total 62464K, used 17479K [0x00000000a0000000, 0x00000000a3d00000, 0x00000000e0000000)
  object space 62464K, 27% used [0x00000000a0000000,0x00000000a1111ee8,0x00000000a3d00000)
 Metaspace       used 37835K, capacity 38582K, committed 38784K, reserved 1083392K
  class space    used 4947K, capacity 5223K, committed 5248K, reserved 1048576K
GC Heap History (10 events):
Event: 5.239 GC heap before
{Heap before GC invocations=7 (full 1):
 PSYoungGen      total 71680K, used 7162K [0x00000000e0000000, 0x00000000e5000000, 0x0000000100000000)
  eden space 64512K, 0% used [0x00000000e0000000,0x00000000e0000000,0x00000000e3f00000)
  from space 7168K, 99% used [0x00000000e4700000,0x00000000e4dfe898,0x00000000e4e00000)
  to   space 8192K, 0% used [0x00000000e3f00000,0x00000000e3f00000,0x00000000e4700000)
 ParOldGen       total 44032K, used 8595K [0x00000000a0000000, 0x00000000a2b00000, 0x00000000e0000000)
  object space 44032K, 19% used [0x00000000a0000000,0x00000000a0864c00,0x00000000a2b00000)
 Metaspace       used 20807K, capacity 21160K, committed 21296K, reserved 1067008K
  class space    used 2811K, capacity 2919K, committed 2944K, reserved 1048576K
Event: 5.296 GC heap after
Heap after GC invocations=7 (full 1):
 PSYoungGen      total 71680K, used 0K [0x00000000e0000000, 0x00000000e5000000, 0x0000000100000000)
  eden space 64512K, 0% used [0x00000000e0000000,0x00000000e0000000,0x00000000e3f00000)
  from space 7168K, 0% used [0x00000000e4700000,0x00000000e4700000,0x00000000e4e00000)
  to   space 8192K, 0% used [0x00000000e3f00000,0x00000000e3f00000,0x00000000e4700000)
 ParOldGen       total 38912K, used 9456K [0x00000000a0000000, 0x00000000a2600000, 0x00000000e0000000)
  object space 38912K, 24% used [0x00000000a0000000,0x00000000a093c1f8,0x00000000a2600000)
 Metaspace       used 20807K, capacity 21160K, committed 21296K, reserved 1067008K
  class space    used 2811K, capacity 2919K, committed 2944K, reserved 1048576K
}
Event: 7.106 GC heap before
{Heap before GC invocations=8 (full 1):
 PSYoungGen      total 71680K, used 64512K [0x00000000e0000000, 0x00000000e5000000, 0x0000000100000000)
  eden space 64512K, 100% used [0x00000000e0000000,0x00000000e3f00000,0x00000000e3f00000)
  from space 7168K, 0% used [0x00000000e4700000,0x00000000e4700000,0x00000000e4e00000)
  to   space 8192K, 0% used [0x00000000e3f00000,0x00000000e3f00000,0x00000000e4700000)
 ParOldGen       total 38912K, used 9456K [0x00000000a0000000, 0x00000000a2600000, 0x00000000e0000000)
  object space 38912K, 24% used [0x00000000a0000000,0x00000000a093c1f8,0x00000000a2600000)
 Metaspace       used 26093K, capacity 26652K, committed 26752K, reserved 1073152K
  class space    used 3457K, capacity 3632K, committed 3712K, reserved 1048576K
Event: 7.116 GC heap after
Heap after GC invocations=8 (full 1):
 PSYoungGen      total 72704K, used 6435K [0x00000000e0000000, 0x00000000e6c80000, 0x0000000100000000)
  eden space 64512K, 0% used [0x00000000e0000000,0x00000000e0000000,0x00000000e3f00000)
  from space 8192K, 78% used [0x00000000e3f00000,0x00000000e4548c18,0x00000000e4700000)
  to   space 8704K, 0% used [0x00000000e6400000,0x00000000e6400000,0x00000000e6c80000)
 ParOldGen       total 38912K, used 9464K [0x00000000a0000000, 0x00000000a2600000, 0x00000000e0000000)
  object space 38912K, 24% used [0x00000000a0000000,0x00000000a093e1f8,0x00000000a2600000)
 Metaspace       used 26093K, capacity 26652K, committed 26752K, reserved 1073152K
  class space    used 3457K, capacity 3632K, committed 3712K, reserved 1048576K
}
Event: 9.311 GC heap before
{Heap before GC invocations=9 (full 1):
 PSYoungGen      total 72704K, used 70947K [0x00000000e0000000, 0x00000000e6c80000, 0x0000000100000000)
  eden space 64512K, 100% used [0x00000000e0000000,0x00000000e3f00000,0x00000000e3f00000)
  from space 8192K, 78% used [0x00000000e3f00000,0x00000000e4548c18,0x00000000e4700000)
  to   space 8704K, 0% used [0x00000000e6400000,0x00000000e6400000,0x00000000e6c80000)
 ParOldGen       total 38912K, used 9464K [0x00000000a0000000, 0x00000000a2600000, 0x00000000e0000000)
  object space 38912K, 24% used [0x00000000a0000000,0x00000000a093e1f8,0x00000000a2600000)
 Metaspace       used 31015K, capacity 31694K, committed 31872K, reserved 1077248K
  class space    used 4163K, capacity 4397K, committed 4480K, reserved 1048576K
Event: 9.330 GC heap after
Heap after GC invocations=9 (full 1):
 PSYoungGen      total 101376K, used 8668K [0x00000000e0000000, 0x00000000e6e80000, 0x0000000100000000)
  eden space 92672K, 0% used [0x00000000e0000000,0x00000000e0000000,0x00000000e5a80000)
  from space 8704K, 99% used [0x00000000e6400000,0x00000000e6c77328,0x00000000e6c80000)
  to   space 9728K, 0% used [0x00000000e5a80000,0x00000000e5a80000,0x00000000e6400000)
 ParOldGen       total 38912K, used 9472K [0x00000000a0000000, 0x00000000a2600000, 0x00000000e0000000)
  object space 38912K, 24% used [0x00000000a0000000,0x00000000a09401f8,0x00000000a2600000)
 Metaspace       used 31015K, capacity 31694K, committed 31872K, reserved 1077248K
  class space    used 4163K, capacity 4397K, committed 4480K, reserved 1048576K
}
Event: 11.653 GC heap before
{Heap before GC invocations=10 (full 1):
 PSYoungGen      total 101376K, used 60037K [0x00000000e0000000, 0x00000000e6e80000, 0x0000000100000000)
  eden space 92672K, 55% used [0x00000000e0000000,0x00000000e322a318,0x00000000e5a80000)
  from space 8704K, 99% used [0x00000000e6400000,0x00000000e6c77328,0x00000000e6c80000)
  to   space 9728K, 0% used [0x00000000e5a80000,0x00000000e5a80000,0x00000000e6400000)
 ParOldGen       total 38912K, used 9472K [0x00000000a0000000, 0x00000000a2600000, 0x00000000e0000000)
  object space 38912K, 24% used [0x00000000a0000000,0x00000000a09401f8,0x00000000a2600000)
 Metaspace       used 34695K, capacity 35460K, committed 35496K, reserved 1079296K
  class space    used 4580K, capacity 4840K, committed 4864K, reserved 1048576K
Event: 11.679 GC heap after
Heap after GC invocations=10 (full 1):
 PSYoungGen      total 102400K, used 9721K [0x00000000e0000000, 0x00000000e8b00000, 0x0000000100000000)
  eden space 92672K, 0% used [0x00000000e0000000,0x00000000e0000000,0x00000000e5a80000)
  from space 9728K, 99% used [0x00000000e5a80000,0x00000000e63fe7f8,0x00000000e6400000)
  to   space 11776K, 0% used [0x00000000e7f80000,0x00000000e7f80000,0x00000000e8b00000)
 ParOldGen       total 38912K, used 10433K [0x00000000a0000000, 0x00000000a2600000, 0x00000000e0000000)
  object space 38912K, 26% used [0x00000000a0000000,0x00000000a0a30418,0x00000000a2600000)
 Metaspace       used 34695K, capacity 35460K, committed 35496K, reserved 1079296K
  class space    used 4580K, capacity 4840K, committed 4864K, reserved 1048576K
}
Event: 11.679 GC heap before
{Heap before GC invocations=11 (full 2):
 PSYoungGen      total 102400K, used 9721K [0x00000000e0000000, 0x00000000e8b00000, 0x0000000100000000)
  eden space 92672K, 0% used [0x00000000e0000000,0x00000000e0000000,0x00000000e5a80000)
  from space 9728K, 99% used [0x00000000e5a80000,0x00000000e63fe7f8,0x00000000e6400000)
  to   space 11776K, 0% used [0x00000000e7f80000,0x00000000e7f80000,0x00000000e8b00000)
 ParOldGen       total 38912K, used 10433K [0x00000000a0000000, 0x00000000a2600000, 0x00000000e0000000)
  object space 38912K, 26% used [0x00000000a0000000,0x00000000a0a30418,0x00000000a2600000)
 Metaspace       used 34695K, capacity 35460K, committed 35496K, reserved 1079296K
  class space    used 4580K, capacity 4840K, committed 4864K, reserved 1048576K
Event: 11.804 GC heap after
Heap after GC invocations=11 (full 2):
 PSYoungGen      total 102400K, used 0K [0x00000000e0000000, 0x00000000e8b00000, 0x0000000100000000)
  eden space 92672K, 0% used [0x00000000e0000000,0x00000000e0000000,0x00000000e5a80000)
  from space 9728K, 0% used [0x00000000e5a80000,0x00000000e5a80000,0x00000000e6400000)
  to   space 11776K, 0% used [0x00000000e7f80000,0x00000000e7f80000,0x00000000e8b00000)
 ParOldGen       total 62464K, used 17479K [0x00000000a0000000, 0x00000000a3d00000, 0x00000000e0000000)
  object space 62464K, 27% used [0x00000000a0000000,0x00000000a1111ee8,0x00000000a3d00000)
 Metaspace       used 34668K, capacity 35372K, committed 35496K, reserved 1079296K
  class space    used 4572K, capacity 4832K, committed 4864K, reserved 1048576K
}

